<?xml version="1.0" encoding="UTF-8"?>
<!-- Generated by org.testng.reporters.JUnitXMLReporter -->
<testsuite ignored="0" hostname="Garima" failures="0" tests="2" name="Default test" time="88.053" errors="0" timestamp="2024-11-22T18:26:13 IST">
  <testcase classname="SeleniumPackage2.SeleniumProject2.Validation_of_details_on_Search_Result" name="method10" time="30.997">
    <skipped/>
  </testcase> <!-- method10 -->
  <testcase classname="SeleniumPackage2.SeleniumProject2.Validation_of_details_on_Search_Result" name="method10" time="15.3"/>
</testsuite> <!-- Default test -->
